[2020-03-05 23:04:35.270] [exthost] [info] extension host started
[2020-03-05 23:04:35.301] [exthost] [info] ExtensionService#_doActivateExtension ms-vscode.cpptools {"startup":false,"extensionId":{"value":"ms-vscode.cpptools","_lower":"ms-vscode.cpptools"},"activationEvent":"onLanguage:cpp"}
[2020-03-05 23:04:35.301] [exthost] [info] ExtensionService#loadCommonJSModule file:///home/akss13/.vscode/extensions/ms-vscode.cpptools-0.26.3/dist/main
[2020-03-05 23:04:35.373] [exthost] [info] ExtensionService#_doActivateExtension vscode.debug-auto-launch {"startup":true,"extensionId":{"value":"vscode.debug-auto-launch","_lower":"vscode.debug-auto-launch"},"activationEvent":"*"}
[2020-03-05 23:04:35.373] [exthost] [info] ExtensionService#loadCommonJSModule file:///usr/share/code/resources/app/extensions/debug-auto-launch/dist/extension
[2020-03-05 23:04:35.376] [exthost] [info] ExtensionService#_doActivateExtension vscode.emmet {"startup":true,"extensionId":{"value":"vscode.emmet","_lower":"vscode.emmet"},"activationEvent":"*"}
[2020-03-05 23:04:35.376] [exthost] [info] ExtensionService#loadCommonJSModule file:///usr/share/code/resources/app/extensions/emmet/dist/extension
[2020-03-05 23:04:35.389] [exthost] [info] ExtensionService#_doActivateExtension vscode.git {"startup":true,"extensionId":{"value":"vscode.git","_lower":"vscode.git"},"activationEvent":"*"}
[2020-03-05 23:04:35.389] [exthost] [info] ExtensionService#loadCommonJSModule file:///usr/share/code/resources/app/extensions/git/dist/main
[2020-03-05 23:04:35.406] [exthost] [info] ExtensionService#_doActivateExtension vscode.merge-conflict {"startup":true,"extensionId":{"value":"vscode.merge-conflict","_lower":"vscode.merge-conflict"},"activationEvent":"*"}
[2020-03-05 23:04:35.406] [exthost] [info] ExtensionService#loadCommonJSModule file:///usr/share/code/resources/app/extensions/merge-conflict/dist/extension
[2020-03-05 23:04:35.407] [exthost] [info] ExtensionService#_doActivateExtension vscode.search-result {"startup":true,"extensionId":{"value":"vscode.search-result","_lower":"vscode.search-result"},"activationEvent":"*"}
[2020-03-05 23:04:35.407] [exthost] [info] ExtensionService#loadCommonJSModule file:///usr/share/code/resources/app/extensions/search-result/dist/extension.js
[2020-03-05 23:04:35.409] [exthost] [info] ExtensionService#_doActivateExtension vscode.vscode-account {"startup":true,"extensionId":{"value":"vscode.vscode-account","_lower":"vscode.vscode-account"},"activationEvent":"*"}
[2020-03-05 23:04:35.409] [exthost] [info] ExtensionService#loadCommonJSModule file:///usr/share/code/resources/app/extensions/vscode-account/dist/extension.js
[2020-03-05 23:04:35.631] [exthost] [info] eager extensions activated
[2020-03-05 23:05:14.264] [exthost] [info] extension host started
[2020-03-05 23:05:14.295] [exthost] [info] ExtensionService#_doActivateExtension vscode.debug-auto-launch {"startup":true,"extensionId":{"value":"vscode.debug-auto-launch","_lower":"vscode.debug-auto-launch"},"activationEvent":"*"}
[2020-03-05 23:05:14.295] [exthost] [info] ExtensionService#loadCommonJSModule file:///usr/share/code/resources/app/extensions/debug-auto-launch/dist/extension
[2020-03-05 23:05:14.298] [exthost] [info] ExtensionService#_doActivateExtension vscode.emmet {"startup":true,"extensionId":{"value":"vscode.emmet","_lower":"vscode.emmet"},"activationEvent":"*"}
[2020-03-05 23:05:14.298] [exthost] [info] ExtensionService#loadCommonJSModule file:///usr/share/code/resources/app/extensions/emmet/dist/extension
[2020-03-05 23:05:14.306] [exthost] [info] ExtensionService#_doActivateExtension vscode.git {"startup":true,"extensionId":{"value":"vscode.git","_lower":"vscode.git"},"activationEvent":"*"}
[2020-03-05 23:05:14.306] [exthost] [info] ExtensionService#loadCommonJSModule file:///usr/share/code/resources/app/extensions/git/dist/main
[2020-03-05 23:05:14.318] [exthost] [info] ExtensionService#_doActivateExtension vscode.merge-conflict {"startup":true,"extensionId":{"value":"vscode.merge-conflict","_lower":"vscode.merge-conflict"},"activationEvent":"*"}
[2020-03-05 23:05:14.318] [exthost] [info] ExtensionService#loadCommonJSModule file:///usr/share/code/resources/app/extensions/merge-conflict/dist/extension
[2020-03-05 23:05:14.319] [exthost] [info] ExtensionService#_doActivateExtension vscode.search-result {"startup":true,"extensionId":{"value":"vscode.search-result","_lower":"vscode.search-result"},"activationEvent":"*"}
[2020-03-05 23:05:14.319] [exthost] [info] ExtensionService#loadCommonJSModule file:///usr/share/code/resources/app/extensions/search-result/dist/extension.js
[2020-03-05 23:05:14.320] [exthost] [info] ExtensionService#_doActivateExtension vscode.vscode-account {"startup":true,"extensionId":{"value":"vscode.vscode-account","_lower":"vscode.vscode-account"},"activationEvent":"*"}
[2020-03-05 23:05:14.320] [exthost] [info] ExtensionService#loadCommonJSModule file:///usr/share/code/resources/app/extensions/vscode-account/dist/extension.js
[2020-03-05 23:05:14.450] [exthost] [info] eager extensions activated
[2020-03-05 23:11:02.275] [exthost] [info] ExtensionService#_doActivateExtension foxundermoon.shell-format {"startup":false,"extensionId":{"value":"foxundermoon.shell-format","_lower":"foxundermoon.shell-format"},"activationEvent":"onLanguage:shellscript"}
[2020-03-05 23:11:02.275] [exthost] [info] ExtensionService#loadCommonJSModule file:///home/akss13/.vscode/extensions/foxundermoon.shell-format-7.0.1/dist/extension
[2020-03-05 23:53:06.214] [exthost] [info] extension host started
[2020-03-05 23:53:06.233] [exthost] [info] ExtensionService#_doActivateExtension foxundermoon.shell-format {"startup":false,"extensionId":{"value":"foxundermoon.shell-format","_lower":"foxundermoon.shell-format"},"activationEvent":"onLanguage:shellscript"}
[2020-03-05 23:53:06.234] [exthost] [info] ExtensionService#loadCommonJSModule file:///home/akss13/.vscode/extensions/foxundermoon.shell-format-7.0.1/dist/extension
[2020-03-05 23:53:06.237] [exthost] [info] ExtensionService#_doActivateExtension vscode.debug-auto-launch {"startup":true,"extensionId":{"value":"vscode.debug-auto-launch","_lower":"vscode.debug-auto-launch"},"activationEvent":"*"}
[2020-03-05 23:53:06.237] [exthost] [info] ExtensionService#loadCommonJSModule file:///usr/share/code/resources/app/extensions/debug-auto-launch/dist/extension
[2020-03-05 23:53:06.239] [exthost] [info] ExtensionService#_doActivateExtension vscode.emmet {"startup":true,"extensionId":{"value":"vscode.emmet","_lower":"vscode.emmet"},"activationEvent":"*"}
[2020-03-05 23:53:06.239] [exthost] [info] ExtensionService#loadCommonJSModule file:///usr/share/code/resources/app/extensions/emmet/dist/extension
[2020-03-05 23:53:06.249] [exthost] [info] ExtensionService#_doActivateExtension vscode.git {"startup":true,"extensionId":{"value":"vscode.git","_lower":"vscode.git"},"activationEvent":"*"}
[2020-03-05 23:53:06.249] [exthost] [info] ExtensionService#loadCommonJSModule file:///usr/share/code/resources/app/extensions/git/dist/main
[2020-03-05 23:53:06.262] [exthost] [info] ExtensionService#_doActivateExtension vscode.merge-conflict {"startup":true,"extensionId":{"value":"vscode.merge-conflict","_lower":"vscode.merge-conflict"},"activationEvent":"*"}
[2020-03-05 23:53:06.262] [exthost] [info] ExtensionService#loadCommonJSModule file:///usr/share/code/resources/app/extensions/merge-conflict/dist/extension
[2020-03-05 23:53:06.265] [exthost] [info] ExtensionService#_doActivateExtension vscode.search-result {"startup":true,"extensionId":{"value":"vscode.search-result","_lower":"vscode.search-result"},"activationEvent":"*"}
[2020-03-05 23:53:06.265] [exthost] [info] ExtensionService#loadCommonJSModule file:///usr/share/code/resources/app/extensions/search-result/dist/extension.js
[2020-03-05 23:53:06.266] [exthost] [info] ExtensionService#_doActivateExtension vscode.vscode-account {"startup":true,"extensionId":{"value":"vscode.vscode-account","_lower":"vscode.vscode-account"},"activationEvent":"*"}
[2020-03-05 23:53:06.266] [exthost] [info] ExtensionService#loadCommonJSModule file:///usr/share/code/resources/app/extensions/vscode-account/dist/extension.js
[2020-03-05 23:53:06.269] [exthost] [info] ExtensionService#_doActivateExtension ms-vscode.cpptools {"startup":true,"extensionId":{"value":"ms-vscode.cpptools","_lower":"ms-vscode.cpptools"},"activationEvent":"workspaceContains:/.vscode/c_cpp_properties.json"}
[2020-03-05 23:53:06.269] [exthost] [info] ExtensionService#loadCommonJSModule file:///home/akss13/.vscode/extensions/ms-vscode.cpptools-0.26.3/dist/main
[2020-03-05 23:53:06.631] [exthost] [info] eager extensions activated
[2020-03-05 23:55:43.952] [exthost] [info] extension host started
[2020-03-05 23:55:43.976] [exthost] [info] ExtensionService#_doActivateExtension foxundermoon.shell-format {"startup":false,"extensionId":{"value":"foxundermoon.shell-format","_lower":"foxundermoon.shell-format"},"activationEvent":"onLanguage:shellscript"}
[2020-03-05 23:55:43.976] [exthost] [info] ExtensionService#loadCommonJSModule file:///home/akss13/.vscode/extensions/foxundermoon.shell-format-7.0.1/dist/extension
[2020-03-05 23:55:43.980] [exthost] [info] ExtensionService#_doActivateExtension vscode.debug-auto-launch {"startup":true,"extensionId":{"value":"vscode.debug-auto-launch","_lower":"vscode.debug-auto-launch"},"activationEvent":"*"}
[2020-03-05 23:55:43.980] [exthost] [info] ExtensionService#loadCommonJSModule file:///usr/share/code/resources/app/extensions/debug-auto-launch/dist/extension
[2020-03-05 23:55:43.983] [exthost] [info] ExtensionService#_doActivateExtension vscode.emmet {"startup":true,"extensionId":{"value":"vscode.emmet","_lower":"vscode.emmet"},"activationEvent":"*"}
[2020-03-05 23:55:43.983] [exthost] [info] ExtensionService#loadCommonJSModule file:///usr/share/code/resources/app/extensions/emmet/dist/extension
[2020-03-05 23:55:43.992] [exthost] [info] ExtensionService#_doActivateExtension vscode.git {"startup":true,"extensionId":{"value":"vscode.git","_lower":"vscode.git"},"activationEvent":"*"}
[2020-03-05 23:55:43.992] [exthost] [info] ExtensionService#loadCommonJSModule file:///usr/share/code/resources/app/extensions/git/dist/main
[2020-03-05 23:55:44.004] [exthost] [info] ExtensionService#_doActivateExtension vscode.merge-conflict {"startup":true,"extensionId":{"value":"vscode.merge-conflict","_lower":"vscode.merge-conflict"},"activationEvent":"*"}
[2020-03-05 23:55:44.004] [exthost] [info] ExtensionService#loadCommonJSModule file:///usr/share/code/resources/app/extensions/merge-conflict/dist/extension
[2020-03-05 23:55:44.005] [exthost] [info] ExtensionService#_doActivateExtension vscode.search-result {"startup":true,"extensionId":{"value":"vscode.search-result","_lower":"vscode.search-result"},"activationEvent":"*"}
[2020-03-05 23:55:44.006] [exthost] [info] ExtensionService#loadCommonJSModule file:///usr/share/code/resources/app/extensions/search-result/dist/extension.js
[2020-03-05 23:55:44.006] [exthost] [info] ExtensionService#_doActivateExtension vscode.vscode-account {"startup":true,"extensionId":{"value":"vscode.vscode-account","_lower":"vscode.vscode-account"},"activationEvent":"*"}
[2020-03-05 23:55:44.006] [exthost] [info] ExtensionService#loadCommonJSModule file:///usr/share/code/resources/app/extensions/vscode-account/dist/extension.js
[2020-03-05 23:55:44.010] [exthost] [info] ExtensionService#_doActivateExtension ms-vscode.cpptools {"startup":true,"extensionId":{"value":"ms-vscode.cpptools","_lower":"ms-vscode.cpptools"},"activationEvent":"workspaceContains:/.vscode/c_cpp_properties.json"}
[2020-03-05 23:55:44.010] [exthost] [info] ExtensionService#loadCommonJSModule file:///home/akss13/.vscode/extensions/ms-vscode.cpptools-0.26.3/dist/main
[2020-03-05 23:55:44.429] [exthost] [info] eager extensions activated
