Looking for git in: git
Using git 2.20.1 from git
> git rev-parse --show-toplevel
> git rev-parse --git-dir
Open repository: /home/akss13/git_space/CP_codes
> git status -z -u
> git symbolic-ref --short HEAD
> git rev-parse master
> git rev-parse --symbolic-full-name master@{u}
> git rev-list --left-right master...refs/remotes/origin/master
> git for-each-ref --format %(refname) %(objectname) --sort -committerdate
> git remote --verbose
Failed to watch ref '/home/akss13/git_space/CP_codes/.git/refs/remotes/origin/master', is most likely packed.
Error: ENOENT: no such file or directory, watch '/home/akss13/git_space/CP_codes/.git/refs/remotes/origin/master'
	at FSWatcher.start (internal/fs/watchers.js:165:26)
	at Object.watch (fs.js:1270:11)
	at Object.t.watch (/usr/share/code/resources/app/extensions/git/dist/main.js:1:592073)
	at E.updateTransientWatchers (/usr/share/code/resources/app/extensions/git/dist/main.js:1:123277)
	at l.fire (/usr/share/code/resources/app/out/vs/workbench/services/extensions/node/extensionHostProcess.js:48:561)
	at R.updateModelState (/usr/share/code/resources/app/extensions/git/dist/main.js:1:142135)
> git config --get commit.template
> git show :.vscode/settings.json
> git ls-files --stage -- /home/akss13/git_space/CP_codes/.vscode/settings.json
> git cat-file -s 1b37e0cabbbd110515f198ef692c87f5d9b58b27
> git check-ignore -v -z --stdin
> git show :.vscode/settings.json
> git ls-files --stage -- /home/akss13/git_space/CP_codes/.vscode/settings.json
> git cat-file -s 1b37e0cabbbd110515f198ef692c87f5d9b58b27
> git show :.vscode/settings.json
> git ls-files --stage -- /home/akss13/git_space/CP_codes/.vscode/settings.json
> git cat-file -s 1b37e0cabbbd110515f198ef692c87f5d9b58b27
