shfmt hasn't downloaded yet!Error: ENOENT: no such file or directory, stat '/home/akss13/.vscode/extensions/foxundermoon.shell-format-7.0.1/bin/shfmt_v3.0.1_linux_amd64'
Shfmt will be downloaded automatically!
download url: https://github.com/mvdan/sh/releases/download/v3.0.1/shfmt_v3.0.1_linux_amd64
download to: /home/akss13/.vscode/extensions/foxundermoon.shell-format-7.0.1/bin/shfmt_v3.0.1_linux_amd64
If the download fails, you can manually download it to the dest directory.
Or download to another directory, and then set the "shellformat.path" as the path
download shfmt page: https://github.com/mvdan/sh/releases
You can't use this plugin until the download is successful.
downloaded:[0.54%]
downloaded:[0.56%]
downloaded:[1.10%]
downloaded:[1.14%]
downloaded:[1.68%]
downloaded:[1.72%]
downloaded:[2.26%]
downloaded:[2.29%]
downloaded:[2.84%]
downloaded:[2.87%]
downloaded:[3.41%]
downloaded:[3.45%]
downloaded:[3.99%]
downloaded:[4.03%]
downloaded:[4.57%]
downloaded:[4.60%]
downloaded:[5.15%]
downloaded:[5.18%]
downloaded:[5.72%]
downloaded:[5.76%]
downloaded:[6.30%]
downloaded:[6.34%]
downloaded:[6.88%]
downloaded:[6.91%]
downloaded:[7.46%]
downloaded:[7.49%]
downloaded:[8.03%]
downloaded:[8.07%]
downloaded:[8.61%]
downloaded:[8.65%]
downloaded:[9.19%]
downloaded:[9.22%]
downloaded:[9.77%]
downloaded:[9.80%]
downloaded:[10.34%]
downloaded:[10.38%]
downloaded:[10.92%]
downloaded:[10.96%]
downloaded:[11.50%]
downloaded:[11.53%]
downloaded:[12.08%]
downloaded:[12.11%]
downloaded:[12.65%]
downloaded:[12.69%]
downloaded:[13.23%]
downloaded:[13.27%]
downloaded:[13.81%]
downloaded:[13.84%]
downloaded:[14.39%]
downloaded:[14.42%]
downloaded:[14.96%]
downloaded:[15.00%]
downloaded:[15.54%]
downloaded:[15.58%]
downloaded:[16.12%]
downloaded:[16.15%]
downloaded:[16.70%]
downloaded:[16.73%]
downloaded:[17.27%]
downloaded:[17.31%]
downloaded:[17.85%]
downloaded:[17.89%]
downloaded:[18.43%]
downloaded:[18.46%]
downloaded:[19.01%]
downloaded:[19.04%]
downloaded:[19.58%]
downloaded:[19.62%]
downloaded:[20.16%]
downloaded:[20.20%]
downloaded:[20.74%]
downloaded:[20.77%]
downloaded:[21.32%]
downloaded:[21.35%]
downloaded:[21.89%]
downloaded:[21.93%]
downloaded:[22.47%]
downloaded:[22.51%]
downloaded:[23.05%]
downloaded:[23.08%]
downloaded:[23.63%]
downloaded:[23.66%]
downloaded:[24.20%]
downloaded:[24.24%]
downloaded:[24.78%]
downloaded:[24.81%]
downloaded:[25.36%]
downloaded:[25.39%]
downloaded:[25.93%]
downloaded:[25.97%]
downloaded:[26.51%]
downloaded:[26.55%]
downloaded:[27.09%]
downloaded:[27.12%]
downloaded:[27.67%]
downloaded:[27.70%]
downloaded:[28.24%]
downloaded:[28.28%]
downloaded:[28.82%]
downloaded:[28.86%]
